<?xml version="1.0" encoding="UTF-8" ?>
<testsuite tests="16" failures="0" name="Test.MyBatisTest" time="0.666" errors="5" skipped="0">
  <properties>
    <property name="idea.version" value="2022.2.1"/>
    <property name="java.runtime.name" value="OpenJDK Runtime Environment"/>
    <property name="java.vm.version" value="18.0.2+0"/>
    <property name="sun.boot.library.path" value="/usr/lib/jvm/java-18-openjdk/lib"/>
    <property name="maven.multiModuleProjectDirectory" value="/home/sunshine/OneDrive/Coding/HomeWork/JavaWeb/MyBatisDemo/Demo02"/>
    <property name="java.vm.vendor" value="Oracle Corporation"/>
    <property name="java.vendor.url" value="https://openjdk.java.net/"/>
    <property name="guice.disable.misplaced.annotation.check" value="true"/>
    <property name="path.separator" value=":"/>
    <property name="java.vm.name" value="OpenJDK 64-Bit Server VM"/>
    <property name="user.country" value="US"/>
    <property name="sun.java.launcher" value="SUN_STANDARD"/>
    <property name="java.vm.specification.name" value="Java Virtual Machine Specification"/>
    <property name="user.dir" value="/home/sunshine/OneDrive/Coding/HomeWork/JavaWeb/MyBatisDemo/Demo02"/>
    <property name="java.vm.compressedOopsMode" value="32-bit"/>
    <property name="java.runtime.version" value="18.0.2+0"/>
    <property name="os.arch" value="amd64"/>
    <property name="java.io.tmpdir" value="/tmp"/>
    <property name="line.separator" value="
"/>
    <property name="java.vm.specification.vendor" value="Oracle Corporation"/>
    <property name="os.name" value="Linux"/>
    <property name="maven.ext.class.path" value="/opt/idea-IU/plugins/maven/lib/maven-event-listener.jar"/>
    <property name="classworlds.conf" value="/opt/maven/bin/m2.conf"/>
    <property name="sun.jnu.encoding" value="UTF-8"/>
    <property name="java.library.path" value="/usr/java/packages/lib:/usr/lib64:/lib64:/lib:/usr/lib"/>
    <property name="maven.conf" value="/opt/maven/conf"/>
    <property name="jdk.debug" value="release"/>
    <property name="java.class.version" value="62.0"/>
    <property name="java.specification.name" value="Java Platform API Specification"/>
    <property name="sun.management.compiler" value="HotSpot 64-Bit Tiered Compilers"/>
    <property name="os.version" value="5.19.2-arch1-1-surface"/>
    <property name="user.home" value="/home/sunshine"/>
    <property name="user.timezone" value="Asia/Shanghai"/>
    <property name="file.encoding" value="UTF-8"/>
    <property name="java.specification.version" value="18"/>
    <property name="user.name" value="sunshine"/>
    <property name="java.class.path" value="/opt/maven/boot/plexus-classworlds-2.6.0.jar:/opt/maven/boot/plexus-classworlds.license"/>
    <property name="java.vm.specification.version" value="18"/>
    <property name="sun.arch.data.model" value="64"/>
    <property name="sun.java.command" value="org.codehaus.classworlds.Launcher -Didea.version=2022.2.1 -s /opt/maven/conf/settings.xml test"/>
    <property name="java.home" value="/usr/lib/jvm/java-18-openjdk"/>
    <property name="user.language" value="en"/>
    <property name="java.specification.vendor" value="Oracle Corporation"/>
    <property name="java.vm.info" value="mixed mode"/>
    <property name="java.version" value="18.0.2"/>
    <property name="native.encoding" value="UTF-8"/>
    <property name="java.vendor" value="N/A"/>
    <property name="sun.stderr.encoding" value="UTF-8"/>
    <property name="maven.home" value="/opt/maven"/>
    <property name="file.separator" value="/"/>
    <property name="java.version.date" value="2022-07-19"/>
    <property name="java.vendor.url.bug" value="https://bugreport.java.com/bugreport/"/>
    <property name="sun.io.unicode.encoding" value="UnicodeLittle"/>
    <property name="sun.cpu.endian" value="little"/>
    <property name="sun.stdout.encoding" value="UTF-8"/>
  </properties>
  <testcase classname="Test.MyBatisTest" name="updateCustomerBySetTest" time="0.058"/>
  <testcase classname="Test.MyBatisTest" name="findBookByIdTestG1" time="0.08"/>
  <testcase classname="Test.MyBatisTest" name="findBookByIdTestG2" time="0.086"/>
  <testcase classname="Test.MyBatisTest" name="findAllStudentTest" time="0.032"/>
  <testcase classname="Test.MyBatisTest" name="findByListTest" time="0.058"/>
  <testcase classname="Test.MyBatisTest" name="findCustomerByNameAndJobsTest" time="0.052"/>
  <testcase classname="Test.MyBatisTest" name="findCustomerByNameAndJobsG2Test" time="0.038"/>
  <testcase classname="Test.MyBatisTest" name="findCustomerByNameAndJobsG3Test" time="0.03"/>
  <testcase classname="Test.MyBatisTest" name="findByArrayTest" time="0.029"/>
  <testcase classname="Test.MyBatisTest" name="findOrdersTest" time="0.024">
    <error message="
### Error querying database.  Cause: java.lang.IllegalArgumentException: Mapped Statements collection does not contain value for mapper.OrdersMapper.findOrdersWithProduct
### Cause: java.lang.IllegalArgumentException: Mapped Statements collection does not contain value for mapper.OrdersMapper.findOrdersWithProduct" type="org.apache.ibatis.exceptions.PersistenceException">org.apache.ibatis.exceptions.PersistenceException: 
### Error querying database.  Cause: java.lang.IllegalArgumentException: Mapped Statements collection does not contain value for mapper.OrdersMapper.findOrdersWithProduct
### Cause: java.lang.IllegalArgumentException: Mapped Statements collection does not contain value for mapper.OrdersMapper.findOrdersWithProduct
	at org.apache.ibatis.exceptions.ExceptionFactory.wrapException(ExceptionFactory.java:30)
	at org.apache.ibatis.session.defaults.DefaultSqlSession.selectList(DefaultSqlSession.java:153)
	at org.apache.ibatis.session.defaults.DefaultSqlSession.selectList(DefaultSqlSession.java:145)
	at org.apache.ibatis.session.defaults.DefaultSqlSession.selectList(DefaultSqlSession.java:140)
	at org.apache.ibatis.session.defaults.DefaultSqlSession.selectOne(DefaultSqlSession.java:76)
	at Test.MyBatisTest.findOrdersTest(MyBatisTest.java:150)
	at java.base/jdk.internal.reflect.DirectMethodHandleAccessor.invoke(DirectMethodHandleAccessor.java:104)
	at java.base/java.lang.reflect.Method.invoke(Method.java:577)
	at org.junit.runners.model.FrameworkMethod$1.runReflectiveCall(FrameworkMethod.java:59)
	at org.junit.internal.runners.model.ReflectiveCallable.run(ReflectiveCallable.java:12)
	at org.junit.runners.model.FrameworkMethod.invokeExplosively(FrameworkMethod.java:56)
	at org.junit.internal.runners.statements.InvokeMethod.evaluate(InvokeMethod.java:17)
	at org.junit.internal.runners.statements.RunBefores.evaluate(RunBefores.java:26)
	at org.junit.internal.runners.statements.RunAfters.evaluate(RunAfters.java:27)
	at org.junit.runners.ParentRunner$3.evaluate(ParentRunner.java:306)
	at org.junit.runners.BlockJUnit4ClassRunner$1.evaluate(BlockJUnit4ClassRunner.java:100)
	at org.junit.runners.ParentRunner.runLeaf(ParentRunner.java:366)
	at org.junit.runners.BlockJUnit4ClassRunner.runChild(BlockJUnit4ClassRunner.java:103)
	at org.junit.runners.BlockJUnit4ClassRunner.runChild(BlockJUnit4ClassRunner.java:63)
	at org.junit.runners.ParentRunner$4.run(ParentRunner.java:331)
	at org.junit.runners.ParentRunner$1.schedule(ParentRunner.java:79)
	at org.junit.runners.ParentRunner.runChildren(ParentRunner.java:329)
	at org.junit.runners.ParentRunner.access$100(ParentRunner.java:66)
	at org.junit.runners.ParentRunner$2.evaluate(ParentRunner.java:293)
	at org.junit.runners.ParentRunner$3.evaluate(ParentRunner.java:306)
	at org.junit.runners.ParentRunner.run(ParentRunner.java:413)
	at org.apache.maven.surefire.junit4.JUnit4Provider.execute(JUnit4Provider.java:252)
	at org.apache.maven.surefire.junit4.JUnit4Provider.executeTestSet(JUnit4Provider.java:141)
	at org.apache.maven.surefire.junit4.JUnit4Provider.invoke(JUnit4Provider.java:112)
	at java.base/jdk.internal.reflect.DirectMethodHandleAccessor.invoke(DirectMethodHandleAccessor.java:104)
	at java.base/java.lang.reflect.Method.invoke(Method.java:577)
	at org.apache.maven.surefire.util.ReflectionUtils.invokeMethodWithArray(ReflectionUtils.java:189)
	at org.apache.maven.surefire.booter.ProviderFactory$ProviderProxy.invoke(ProviderFactory.java:165)
	at org.apache.maven.surefire.booter.ProviderFactory.invokeProvider(ProviderFactory.java:85)
	at org.apache.maven.surefire.booter.ForkedBooter.runSuitesInProcess(ForkedBooter.java:115)
	at org.apache.maven.surefire.booter.ForkedBooter.main(ForkedBooter.java:75)
Caused by: java.lang.IllegalArgumentException: Mapped Statements collection does not contain value for mapper.OrdersMapper.findOrdersWithProduct
	at org.apache.ibatis.session.Configuration$StrictMap.get(Configuration.java:1063)
	at org.apache.ibatis.session.Configuration.getMappedStatement(Configuration.java:853)
	at org.apache.ibatis.session.Configuration.getMappedStatement(Configuration.java:846)
	at org.apache.ibatis.session.defaults.DefaultSqlSession.selectList(DefaultSqlSession.java:150)
	... 34 more
</error>
    <system-out>2022-08-29 15:17:03,301[main]DEBUG[org.apache.ibatis.io.ResolverUtil]-Checking to see if class pojo.User matches criteria [is assignable to Object]
2022-08-29 15:17:03,301[main]DEBUG[org.apache.ibatis.io.ResolverUtil]-Checking to see if class pojo.Student matches criteria [is assignable to Object]
2022-08-29 15:17:03,301[main]DEBUG[org.apache.ibatis.io.ResolverUtil]-Checking to see if class pojo.Customer matches criteria [is assignable to Object]
2022-08-29 15:17:03,301[main]DEBUG[org.apache.ibatis.io.ResolverUtil]-Checking to see if class pojo.IdCard matches criteria [is assignable to Object]
2022-08-29 15:17:03,301[main]DEBUG[org.apache.ibatis.io.ResolverUtil]-Checking to see if class pojo.Person matches criteria [is assignable to Object]
2022-08-29 15:17:03,301[main]DEBUG[org.apache.ibatis.io.ResolverUtil]-Checking to see if class pojo.Orders matches criteria [is assignable to Object]
2022-08-29 15:17:03,301[main]DEBUG[org.apache.ibatis.io.ResolverUtil]-Checking to see if class pojo.Product matches criteria [is assignable to Object]
2022-08-29 15:17:03,301[main]DEBUG[org.apache.ibatis.io.ResolverUtil]-Checking to see if class pojo.Users matches criteria [is assignable to Object]
2022-08-29 15:17:03,301[main]DEBUG[org.apache.ibatis.io.ResolverUtil]-Checking to see if class pojo.Book matches criteria [is assignable to Object]
2022-08-29 15:17:03,301[main]DEBUG[org.apache.ibatis.io.ResolverUtil]-Checking to see if class pojo.Worker matches criteria [is assignable to Object]
2022-08-29 15:17:03,302[main]DEBUG[org.apache.ibatis.datasource.pooled.PooledDataSource]-PooledDataSource forcefully closed/removed all connections.
2022-08-29 15:17:03,302[main]DEBUG[org.apache.ibatis.datasource.pooled.PooledDataSource]-PooledDataSource forcefully closed/removed all connections.
2022-08-29 15:17:03,302[main]DEBUG[org.apache.ibatis.datasource.pooled.PooledDataSource]-PooledDataSource forcefully closed/removed all connections.
2022-08-29 15:17:03,302[main]DEBUG[org.apache.ibatis.datasource.pooled.PooledDataSource]-PooledDataSource forcefully closed/removed all connections.
2022-08-29 15:17:03,308[Finalizer]DEBUG[org.apache.ibatis.datasource.pooled.PooledDataSource]-PooledDataSource forcefully closed/removed all connections.
2022-08-29 15:17:03,315[main]DEBUG[org.apache.ibatis.io.ResolverUtil]-Checking to see if class mapper.UserMapperTest matches criteria [is assignable to Object]
2022-08-29 15:17:03,316[main]DEBUG[org.apache.ibatis.io.ResolverUtil]-Checking to see if class mapper.UserMapper matches criteria [is assignable to Object]
</system-out>
  </testcase>
  <testcase classname="Test.MyBatisTest" name="findOrdersG2Test" time="0.037">
    <error message="
### Error querying database.  Cause: java.lang.IllegalArgumentException: Mapped Statements collection does not contain value for mapper.OrdersMapper.findOrdersWithProductG2
### Cause: java.lang.IllegalArgumentException: Mapped Statements collection does not contain value for mapper.OrdersMapper.findOrdersWithProductG2" type="org.apache.ibatis.exceptions.PersistenceException">org.apache.ibatis.exceptions.PersistenceException: 
### Error querying database.  Cause: java.lang.IllegalArgumentException: Mapped Statements collection does not contain value for mapper.OrdersMapper.findOrdersWithProductG2
### Cause: java.lang.IllegalArgumentException: Mapped Statements collection does not contain value for mapper.OrdersMapper.findOrdersWithProductG2
	at org.apache.ibatis.exceptions.ExceptionFactory.wrapException(ExceptionFactory.java:30)
	at org.apache.ibatis.session.defaults.DefaultSqlSession.selectList(DefaultSqlSession.java:153)
	at org.apache.ibatis.session.defaults.DefaultSqlSession.selectList(DefaultSqlSession.java:145)
	at org.apache.ibatis.session.defaults.DefaultSqlSession.selectList(DefaultSqlSession.java:140)
	at org.apache.ibatis.session.defaults.DefaultSqlSession.selectOne(DefaultSqlSession.java:76)
	at Test.MyBatisTest.findOrdersG2Test(MyBatisTest.java:156)
	at java.base/jdk.internal.reflect.DirectMethodHandleAccessor.invoke(DirectMethodHandleAccessor.java:104)
	at java.base/java.lang.reflect.Method.invoke(Method.java:577)
	at org.junit.runners.model.FrameworkMethod$1.runReflectiveCall(FrameworkMethod.java:59)
	at org.junit.internal.runners.model.ReflectiveCallable.run(ReflectiveCallable.java:12)
	at org.junit.runners.model.FrameworkMethod.invokeExplosively(FrameworkMethod.java:56)
	at org.junit.internal.runners.statements.InvokeMethod.evaluate(InvokeMethod.java:17)
	at org.junit.internal.runners.statements.RunBefores.evaluate(RunBefores.java:26)
	at org.junit.internal.runners.statements.RunAfters.evaluate(RunAfters.java:27)
	at org.junit.runners.ParentRunner$3.evaluate(ParentRunner.java:306)
	at org.junit.runners.BlockJUnit4ClassRunner$1.evaluate(BlockJUnit4ClassRunner.java:100)
	at org.junit.runners.ParentRunner.runLeaf(ParentRunner.java:366)
	at org.junit.runners.BlockJUnit4ClassRunner.runChild(BlockJUnit4ClassRunner.java:103)
	at org.junit.runners.BlockJUnit4ClassRunner.runChild(BlockJUnit4ClassRunner.java:63)
	at org.junit.runners.ParentRunner$4.run(ParentRunner.java:331)
	at org.junit.runners.ParentRunner$1.schedule(ParentRunner.java:79)
	at org.junit.runners.ParentRunner.runChildren(ParentRunner.java:329)
	at org.junit.runners.ParentRunner.access$100(ParentRunner.java:66)
	at org.junit.runners.ParentRunner$2.evaluate(ParentRunner.java:293)
	at org.junit.runners.ParentRunner$3.evaluate(ParentRunner.java:306)
	at org.junit.runners.ParentRunner.run(ParentRunner.java:413)
	at org.apache.maven.surefire.junit4.JUnit4Provider.execute(JUnit4Provider.java:252)
	at org.apache.maven.surefire.junit4.JUnit4Provider.executeTestSet(JUnit4Provider.java:141)
	at org.apache.maven.surefire.junit4.JUnit4Provider.invoke(JUnit4Provider.java:112)
	at java.base/jdk.internal.reflect.DirectMethodHandleAccessor.invoke(DirectMethodHandleAccessor.java:104)
	at java.base/java.lang.reflect.Method.invoke(Method.java:577)
	at org.apache.maven.surefire.util.ReflectionUtils.invokeMethodWithArray(ReflectionUtils.java:189)
	at org.apache.maven.surefire.booter.ProviderFactory$ProviderProxy.invoke(ProviderFactory.java:165)
	at org.apache.maven.surefire.booter.ProviderFactory.invokeProvider(ProviderFactory.java:85)
	at org.apache.maven.surefire.booter.ForkedBooter.runSuitesInProcess(ForkedBooter.java:115)
	at org.apache.maven.surefire.booter.ForkedBooter.main(ForkedBooter.java:75)
Caused by: java.lang.IllegalArgumentException: Mapped Statements collection does not contain value for mapper.OrdersMapper.findOrdersWithProductG2
	at org.apache.ibatis.session.Configuration$StrictMap.get(Configuration.java:1063)
	at org.apache.ibatis.session.Configuration.getMappedStatement(Configuration.java:853)
	at org.apache.ibatis.session.Configuration.getMappedStatement(Configuration.java:846)
	at org.apache.ibatis.session.defaults.DefaultSqlSession.selectList(DefaultSqlSession.java:150)
	... 34 more
</error>
    <system-out>2022-08-29 15:17:03,325[main]DEBUG[org.apache.ibatis.io.ResolverUtil]-Checking to see if class pojo.User matches criteria [is assignable to Object]
2022-08-29 15:17:03,325[main]DEBUG[org.apache.ibatis.io.ResolverUtil]-Checking to see if class pojo.Student matches criteria [is assignable to Object]
2022-08-29 15:17:03,325[main]DEBUG[org.apache.ibatis.io.ResolverUtil]-Checking to see if class pojo.Customer matches criteria [is assignable to Object]
2022-08-29 15:17:03,325[main]DEBUG[org.apache.ibatis.io.ResolverUtil]-Checking to see if class pojo.IdCard matches criteria [is assignable to Object]
2022-08-29 15:17:03,325[main]DEBUG[org.apache.ibatis.io.ResolverUtil]-Checking to see if class pojo.Person matches criteria [is assignable to Object]
2022-08-29 15:17:03,325[main]DEBUG[org.apache.ibatis.io.ResolverUtil]-Checking to see if class pojo.Orders matches criteria [is assignable to Object]
2022-08-29 15:17:03,326[main]DEBUG[org.apache.ibatis.io.ResolverUtil]-Checking to see if class pojo.Product matches criteria [is assignable to Object]
2022-08-29 15:17:03,326[main]DEBUG[org.apache.ibatis.io.ResolverUtil]-Checking to see if class pojo.Users matches criteria [is assignable to Object]
2022-08-29 15:17:03,326[main]DEBUG[org.apache.ibatis.io.ResolverUtil]-Checking to see if class pojo.Book matches criteria [is assignable to Object]
2022-08-29 15:17:03,326[main]DEBUG[org.apache.ibatis.io.ResolverUtil]-Checking to see if class pojo.Worker matches criteria [is assignable to Object]
2022-08-29 15:17:03,327[main]DEBUG[org.apache.ibatis.datasource.pooled.PooledDataSource]-PooledDataSource forcefully closed/removed all connections.
2022-08-29 15:17:03,327[main]DEBUG[org.apache.ibatis.datasource.pooled.PooledDataSource]-PooledDataSource forcefully closed/removed all connections.
2022-08-29 15:17:03,327[main]DEBUG[org.apache.ibatis.datasource.pooled.PooledDataSource]-PooledDataSource forcefully closed/removed all connections.
2022-08-29 15:17:03,327[main]DEBUG[org.apache.ibatis.datasource.pooled.PooledDataSource]-PooledDataSource forcefully closed/removed all connections.
2022-08-29 15:17:03,339[Finalizer]DEBUG[org.apache.ibatis.datasource.pooled.PooledDataSource]-PooledDataSource forcefully closed/removed all connections.
2022-08-29 15:17:03,352[main]DEBUG[org.apache.ibatis.io.ResolverUtil]-Checking to see if class mapper.UserMapperTest matches criteria [is assignable to Object]
2022-08-29 15:17:03,352[main]DEBUG[org.apache.ibatis.io.ResolverUtil]-Checking to see if class mapper.UserMapper matches criteria [is assignable to Object]
</system-out>
  </testcase>
  <testcase classname="Test.MyBatisTest" name="findCustomerByNameOrJobsTest" time="0.043"/>
  <testcase classname="Test.MyBatisTest" name="findPersonByIdTest" time="0.037">
    <error message="
### Error querying database.  Cause: java.lang.IllegalArgumentException: Mapped Statements collection does not contain value for mapper.PersonMapper.findPersonById
### Cause: java.lang.IllegalArgumentException: Mapped Statements collection does not contain value for mapper.PersonMapper.findPersonById" type="org.apache.ibatis.exceptions.PersistenceException">org.apache.ibatis.exceptions.PersistenceException: 
### Error querying database.  Cause: java.lang.IllegalArgumentException: Mapped Statements collection does not contain value for mapper.PersonMapper.findPersonById
### Cause: java.lang.IllegalArgumentException: Mapped Statements collection does not contain value for mapper.PersonMapper.findPersonById
	at org.apache.ibatis.exceptions.ExceptionFactory.wrapException(ExceptionFactory.java:30)
	at org.apache.ibatis.session.defaults.DefaultSqlSession.selectList(DefaultSqlSession.java:153)
	at org.apache.ibatis.session.defaults.DefaultSqlSession.selectList(DefaultSqlSession.java:145)
	at org.apache.ibatis.session.defaults.DefaultSqlSession.selectList(DefaultSqlSession.java:140)
	at org.apache.ibatis.session.defaults.DefaultSqlSession.selectOne(DefaultSqlSession.java:76)
	at Test.MyBatisTest.findPersonByIdTest(MyBatisTest.java:131)
	at java.base/jdk.internal.reflect.DirectMethodHandleAccessor.invoke(DirectMethodHandleAccessor.java:104)
	at java.base/java.lang.reflect.Method.invoke(Method.java:577)
	at org.junit.runners.model.FrameworkMethod$1.runReflectiveCall(FrameworkMethod.java:59)
	at org.junit.internal.runners.model.ReflectiveCallable.run(ReflectiveCallable.java:12)
	at org.junit.runners.model.FrameworkMethod.invokeExplosively(FrameworkMethod.java:56)
	at org.junit.internal.runners.statements.InvokeMethod.evaluate(InvokeMethod.java:17)
	at org.junit.internal.runners.statements.RunBefores.evaluate(RunBefores.java:26)
	at org.junit.internal.runners.statements.RunAfters.evaluate(RunAfters.java:27)
	at org.junit.runners.ParentRunner$3.evaluate(ParentRunner.java:306)
	at org.junit.runners.BlockJUnit4ClassRunner$1.evaluate(BlockJUnit4ClassRunner.java:100)
	at org.junit.runners.ParentRunner.runLeaf(ParentRunner.java:366)
	at org.junit.runners.BlockJUnit4ClassRunner.runChild(BlockJUnit4ClassRunner.java:103)
	at org.junit.runners.BlockJUnit4ClassRunner.runChild(BlockJUnit4ClassRunner.java:63)
	at org.junit.runners.ParentRunner$4.run(ParentRunner.java:331)
	at org.junit.runners.ParentRunner$1.schedule(ParentRunner.java:79)
	at org.junit.runners.ParentRunner.runChildren(ParentRunner.java:329)
	at org.junit.runners.ParentRunner.access$100(ParentRunner.java:66)
	at org.junit.runners.ParentRunner$2.evaluate(ParentRunner.java:293)
	at org.junit.runners.ParentRunner$3.evaluate(ParentRunner.java:306)
	at org.junit.runners.ParentRunner.run(ParentRunner.java:413)
	at org.apache.maven.surefire.junit4.JUnit4Provider.execute(JUnit4Provider.java:252)
	at org.apache.maven.surefire.junit4.JUnit4Provider.executeTestSet(JUnit4Provider.java:141)
	at org.apache.maven.surefire.junit4.JUnit4Provider.invoke(JUnit4Provider.java:112)
	at java.base/jdk.internal.reflect.DirectMethodHandleAccessor.invoke(DirectMethodHandleAccessor.java:104)
	at java.base/java.lang.reflect.Method.invoke(Method.java:577)
	at org.apache.maven.surefire.util.ReflectionUtils.invokeMethodWithArray(ReflectionUtils.java:189)
	at org.apache.maven.surefire.booter.ProviderFactory$ProviderProxy.invoke(ProviderFactory.java:165)
	at org.apache.maven.surefire.booter.ProviderFactory.invokeProvider(ProviderFactory.java:85)
	at org.apache.maven.surefire.booter.ForkedBooter.runSuitesInProcess(ForkedBooter.java:115)
	at org.apache.maven.surefire.booter.ForkedBooter.main(ForkedBooter.java:75)
Caused by: java.lang.IllegalArgumentException: Mapped Statements collection does not contain value for mapper.PersonMapper.findPersonById
	at org.apache.ibatis.session.Configuration$StrictMap.get(Configuration.java:1063)
	at org.apache.ibatis.session.Configuration.getMappedStatement(Configuration.java:853)
	at org.apache.ibatis.session.Configuration.getMappedStatement(Configuration.java:846)
	at org.apache.ibatis.session.defaults.DefaultSqlSession.selectList(DefaultSqlSession.java:150)
	... 34 more
</error>
    <system-out>2022-08-29 15:17:03,408[main]DEBUG[org.apache.ibatis.io.ResolverUtil]-Checking to see if class pojo.User matches criteria [is assignable to Object]
2022-08-29 15:17:03,408[main]DEBUG[org.apache.ibatis.io.ResolverUtil]-Checking to see if class pojo.Student matches criteria [is assignable to Object]
2022-08-29 15:17:03,408[main]DEBUG[org.apache.ibatis.io.ResolverUtil]-Checking to see if class pojo.Customer matches criteria [is assignable to Object]
2022-08-29 15:17:03,408[main]DEBUG[org.apache.ibatis.io.ResolverUtil]-Checking to see if class pojo.IdCard matches criteria [is assignable to Object]
2022-08-29 15:17:03,408[main]DEBUG[org.apache.ibatis.io.ResolverUtil]-Checking to see if class pojo.Person matches criteria [is assignable to Object]
2022-08-29 15:17:03,408[main]DEBUG[org.apache.ibatis.io.ResolverUtil]-Checking to see if class pojo.Orders matches criteria [is assignable to Object]
2022-08-29 15:17:03,408[main]DEBUG[org.apache.ibatis.io.ResolverUtil]-Checking to see if class pojo.Product matches criteria [is assignable to Object]
2022-08-29 15:17:03,408[main]DEBUG[org.apache.ibatis.io.ResolverUtil]-Checking to see if class pojo.Users matches criteria [is assignable to Object]
2022-08-29 15:17:03,409[main]DEBUG[org.apache.ibatis.io.ResolverUtil]-Checking to see if class pojo.Book matches criteria [is assignable to Object]
2022-08-29 15:17:03,409[main]DEBUG[org.apache.ibatis.io.ResolverUtil]-Checking to see if class pojo.Worker matches criteria [is assignable to Object]
2022-08-29 15:17:03,410[main]DEBUG[org.apache.ibatis.datasource.pooled.PooledDataSource]-PooledDataSource forcefully closed/removed all connections.
2022-08-29 15:17:03,411[main]DEBUG[org.apache.ibatis.datasource.pooled.PooledDataSource]-PooledDataSource forcefully closed/removed all connections.
2022-08-29 15:17:03,411[main]DEBUG[org.apache.ibatis.datasource.pooled.PooledDataSource]-PooledDataSource forcefully closed/removed all connections.
2022-08-29 15:17:03,411[main]DEBUG[org.apache.ibatis.datasource.pooled.PooledDataSource]-PooledDataSource forcefully closed/removed all connections.
2022-08-29 15:17:03,433[main]DEBUG[org.apache.ibatis.io.ResolverUtil]-Checking to see if class mapper.UserMapperTest matches criteria [is assignable to Object]
2022-08-29 15:17:03,433[main]DEBUG[org.apache.ibatis.io.ResolverUtil]-Checking to see if class mapper.UserMapper matches criteria [is assignable to Object]
</system-out>
  </testcase>
  <testcase classname="Test.MyBatisTest" name="findPersonByIdG2Test" time="0.023">
    <error message="
### Error querying database.  Cause: java.lang.IllegalArgumentException: Mapped Statements collection does not contain value for mapper.PersonMapper.findPersonByIdG2
### Cause: java.lang.IllegalArgumentException: Mapped Statements collection does not contain value for mapper.PersonMapper.findPersonByIdG2" type="org.apache.ibatis.exceptions.PersistenceException">org.apache.ibatis.exceptions.PersistenceException: 
### Error querying database.  Cause: java.lang.IllegalArgumentException: Mapped Statements collection does not contain value for mapper.PersonMapper.findPersonByIdG2
### Cause: java.lang.IllegalArgumentException: Mapped Statements collection does not contain value for mapper.PersonMapper.findPersonByIdG2
	at org.apache.ibatis.exceptions.ExceptionFactory.wrapException(ExceptionFactory.java:30)
	at org.apache.ibatis.session.defaults.DefaultSqlSession.selectList(DefaultSqlSession.java:153)
	at org.apache.ibatis.session.defaults.DefaultSqlSession.selectList(DefaultSqlSession.java:145)
	at org.apache.ibatis.session.defaults.DefaultSqlSession.selectList(DefaultSqlSession.java:140)
	at org.apache.ibatis.session.defaults.DefaultSqlSession.selectOne(DefaultSqlSession.java:76)
	at Test.MyBatisTest.findPersonByIdG2Test(MyBatisTest.java:137)
	at java.base/jdk.internal.reflect.DirectMethodHandleAccessor.invoke(DirectMethodHandleAccessor.java:104)
	at java.base/java.lang.reflect.Method.invoke(Method.java:577)
	at org.junit.runners.model.FrameworkMethod$1.runReflectiveCall(FrameworkMethod.java:59)
	at org.junit.internal.runners.model.ReflectiveCallable.run(ReflectiveCallable.java:12)
	at org.junit.runners.model.FrameworkMethod.invokeExplosively(FrameworkMethod.java:56)
	at org.junit.internal.runners.statements.InvokeMethod.evaluate(InvokeMethod.java:17)
	at org.junit.internal.runners.statements.RunBefores.evaluate(RunBefores.java:26)
	at org.junit.internal.runners.statements.RunAfters.evaluate(RunAfters.java:27)
	at org.junit.runners.ParentRunner$3.evaluate(ParentRunner.java:306)
	at org.junit.runners.BlockJUnit4ClassRunner$1.evaluate(BlockJUnit4ClassRunner.java:100)
	at org.junit.runners.ParentRunner.runLeaf(ParentRunner.java:366)
	at org.junit.runners.BlockJUnit4ClassRunner.runChild(BlockJUnit4ClassRunner.java:103)
	at org.junit.runners.BlockJUnit4ClassRunner.runChild(BlockJUnit4ClassRunner.java:63)
	at org.junit.runners.ParentRunner$4.run(ParentRunner.java:331)
	at org.junit.runners.ParentRunner$1.schedule(ParentRunner.java:79)
	at org.junit.runners.ParentRunner.runChildren(ParentRunner.java:329)
	at org.junit.runners.ParentRunner.access$100(ParentRunner.java:66)
	at org.junit.runners.ParentRunner$2.evaluate(ParentRunner.java:293)
	at org.junit.runners.ParentRunner$3.evaluate(ParentRunner.java:306)
	at org.junit.runners.ParentRunner.run(ParentRunner.java:413)
	at org.apache.maven.surefire.junit4.JUnit4Provider.execute(JUnit4Provider.java:252)
	at org.apache.maven.surefire.junit4.JUnit4Provider.executeTestSet(JUnit4Provider.java:141)
	at org.apache.maven.surefire.junit4.JUnit4Provider.invoke(JUnit4Provider.java:112)
	at java.base/jdk.internal.reflect.DirectMethodHandleAccessor.invoke(DirectMethodHandleAccessor.java:104)
	at java.base/java.lang.reflect.Method.invoke(Method.java:577)
	at org.apache.maven.surefire.util.ReflectionUtils.invokeMethodWithArray(ReflectionUtils.java:189)
	at org.apache.maven.surefire.booter.ProviderFactory$ProviderProxy.invoke(ProviderFactory.java:165)
	at org.apache.maven.surefire.booter.ProviderFactory.invokeProvider(ProviderFactory.java:85)
	at org.apache.maven.surefire.booter.ForkedBooter.runSuitesInProcess(ForkedBooter.java:115)
	at org.apache.maven.surefire.booter.ForkedBooter.main(ForkedBooter.java:75)
Caused by: java.lang.IllegalArgumentException: Mapped Statements collection does not contain value for mapper.PersonMapper.findPersonByIdG2
	at org.apache.ibatis.session.Configuration$StrictMap.get(Configuration.java:1063)
	at org.apache.ibatis.session.Configuration.getMappedStatement(Configuration.java:853)
	at org.apache.ibatis.session.Configuration.getMappedStatement(Configuration.java:846)
	at org.apache.ibatis.session.defaults.DefaultSqlSession.selectList(DefaultSqlSession.java:150)
	... 34 more
</error>
    <system-out>2022-08-29 15:17:03,444[main]DEBUG[org.apache.ibatis.io.ResolverUtil]-Checking to see if class pojo.User matches criteria [is assignable to Object]
2022-08-29 15:17:03,444[main]DEBUG[org.apache.ibatis.io.ResolverUtil]-Checking to see if class pojo.Student matches criteria [is assignable to Object]
2022-08-29 15:17:03,444[main]DEBUG[org.apache.ibatis.io.ResolverUtil]-Checking to see if class pojo.Customer matches criteria [is assignable to Object]
2022-08-29 15:17:03,444[main]DEBUG[org.apache.ibatis.io.ResolverUtil]-Checking to see if class pojo.IdCard matches criteria [is assignable to Object]
2022-08-29 15:17:03,444[main]DEBUG[org.apache.ibatis.io.ResolverUtil]-Checking to see if class pojo.Person matches criteria [is assignable to Object]
2022-08-29 15:17:03,444[main]DEBUG[org.apache.ibatis.io.ResolverUtil]-Checking to see if class pojo.Orders matches criteria [is assignable to Object]
2022-08-29 15:17:03,444[main]DEBUG[org.apache.ibatis.io.ResolverUtil]-Checking to see if class pojo.Product matches criteria [is assignable to Object]
2022-08-29 15:17:03,444[main]DEBUG[org.apache.ibatis.io.ResolverUtil]-Checking to see if class pojo.Users matches criteria [is assignable to Object]
2022-08-29 15:17:03,444[main]DEBUG[org.apache.ibatis.io.ResolverUtil]-Checking to see if class pojo.Book matches criteria [is assignable to Object]
2022-08-29 15:17:03,444[main]DEBUG[org.apache.ibatis.io.ResolverUtil]-Checking to see if class pojo.Worker matches criteria [is assignable to Object]
2022-08-29 15:17:03,446[main]DEBUG[org.apache.ibatis.datasource.pooled.PooledDataSource]-PooledDataSource forcefully closed/removed all connections.
2022-08-29 15:17:03,446[main]DEBUG[org.apache.ibatis.datasource.pooled.PooledDataSource]-PooledDataSource forcefully closed/removed all connections.
2022-08-29 15:17:03,446[main]DEBUG[org.apache.ibatis.datasource.pooled.PooledDataSource]-PooledDataSource forcefully closed/removed all connections.
2022-08-29 15:17:03,446[main]DEBUG[org.apache.ibatis.datasource.pooled.PooledDataSource]-PooledDataSource forcefully closed/removed all connections.
2022-08-29 15:17:03,451[Finalizer]DEBUG[org.apache.ibatis.datasource.pooled.PooledDataSource]-PooledDataSource forcefully closed/removed all connections.
2022-08-29 15:17:03,451[Finalizer]DEBUG[org.apache.ibatis.datasource.pooled.PooledDataSource]-PooledDataSource forcefully closed/removed all connections.
2022-08-29 15:17:03,451[Finalizer]DEBUG[org.apache.ibatis.datasource.pooled.PooledDataSource]-PooledDataSource forcefully closed/removed all connections.
2022-08-29 15:17:03,460[main]DEBUG[org.apache.ibatis.io.ResolverUtil]-Checking to see if class mapper.UserMapperTest matches criteria [is assignable to Object]
2022-08-29 15:17:03,460[main]DEBUG[org.apache.ibatis.io.ResolverUtil]-Checking to see if class mapper.UserMapper matches criteria [is assignable to Object]
</system-out>
  </testcase>
  <testcase classname="Test.MyBatisTest" name="findUserWithOrdersByIdTest" time="0.018">
    <error message="
### Error querying database.  Cause: java.lang.IllegalArgumentException: Mapped Statements collection does not contain value for mapper.UsersMapper.findUserWithOrdersById
### Cause: java.lang.IllegalArgumentException: Mapped Statements collection does not contain value for mapper.UsersMapper.findUserWithOrdersById" type="org.apache.ibatis.exceptions.PersistenceException">org.apache.ibatis.exceptions.PersistenceException: 
### Error querying database.  Cause: java.lang.IllegalArgumentException: Mapped Statements collection does not contain value for mapper.UsersMapper.findUserWithOrdersById
### Cause: java.lang.IllegalArgumentException: Mapped Statements collection does not contain value for mapper.UsersMapper.findUserWithOrdersById
	at org.apache.ibatis.exceptions.ExceptionFactory.wrapException(ExceptionFactory.java:30)
	at org.apache.ibatis.session.defaults.DefaultSqlSession.selectList(DefaultSqlSession.java:153)
	at org.apache.ibatis.session.defaults.DefaultSqlSession.selectList(DefaultSqlSession.java:145)
	at org.apache.ibatis.session.defaults.DefaultSqlSession.selectList(DefaultSqlSession.java:140)
	at org.apache.ibatis.session.defaults.DefaultSqlSession.selectOne(DefaultSqlSession.java:76)
	at Test.MyBatisTest.findUserWithOrdersByIdTest(MyBatisTest.java:143)
	at java.base/jdk.internal.reflect.DirectMethodHandleAccessor.invoke(DirectMethodHandleAccessor.java:104)
	at java.base/java.lang.reflect.Method.invoke(Method.java:577)
	at org.junit.runners.model.FrameworkMethod$1.runReflectiveCall(FrameworkMethod.java:59)
	at org.junit.internal.runners.model.ReflectiveCallable.run(ReflectiveCallable.java:12)
	at org.junit.runners.model.FrameworkMethod.invokeExplosively(FrameworkMethod.java:56)
	at org.junit.internal.runners.statements.InvokeMethod.evaluate(InvokeMethod.java:17)
	at org.junit.internal.runners.statements.RunBefores.evaluate(RunBefores.java:26)
	at org.junit.internal.runners.statements.RunAfters.evaluate(RunAfters.java:27)
	at org.junit.runners.ParentRunner$3.evaluate(ParentRunner.java:306)
	at org.junit.runners.BlockJUnit4ClassRunner$1.evaluate(BlockJUnit4ClassRunner.java:100)
	at org.junit.runners.ParentRunner.runLeaf(ParentRunner.java:366)
	at org.junit.runners.BlockJUnit4ClassRunner.runChild(BlockJUnit4ClassRunner.java:103)
	at org.junit.runners.BlockJUnit4ClassRunner.runChild(BlockJUnit4ClassRunner.java:63)
	at org.junit.runners.ParentRunner$4.run(ParentRunner.java:331)
	at org.junit.runners.ParentRunner$1.schedule(ParentRunner.java:79)
	at org.junit.runners.ParentRunner.runChildren(ParentRunner.java:329)
	at org.junit.runners.ParentRunner.access$100(ParentRunner.java:66)
	at org.junit.runners.ParentRunner$2.evaluate(ParentRunner.java:293)
	at org.junit.runners.ParentRunner$3.evaluate(ParentRunner.java:306)
	at org.junit.runners.ParentRunner.run(ParentRunner.java:413)
	at org.apache.maven.surefire.junit4.JUnit4Provider.execute(JUnit4Provider.java:252)
	at org.apache.maven.surefire.junit4.JUnit4Provider.executeTestSet(JUnit4Provider.java:141)
	at org.apache.maven.surefire.junit4.JUnit4Provider.invoke(JUnit4Provider.java:112)
	at java.base/jdk.internal.reflect.DirectMethodHandleAccessor.invoke(DirectMethodHandleAccessor.java:104)
	at java.base/java.lang.reflect.Method.invoke(Method.java:577)
	at org.apache.maven.surefire.util.ReflectionUtils.invokeMethodWithArray(ReflectionUtils.java:189)
	at org.apache.maven.surefire.booter.ProviderFactory$ProviderProxy.invoke(ProviderFactory.java:165)
	at org.apache.maven.surefire.booter.ProviderFactory.invokeProvider(ProviderFactory.java:85)
	at org.apache.maven.surefire.booter.ForkedBooter.runSuitesInProcess(ForkedBooter.java:115)
	at org.apache.maven.surefire.booter.ForkedBooter.main(ForkedBooter.java:75)
Caused by: java.lang.IllegalArgumentException: Mapped Statements collection does not contain value for mapper.UsersMapper.findUserWithOrdersById
	at org.apache.ibatis.session.Configuration$StrictMap.get(Configuration.java:1063)
	at org.apache.ibatis.session.Configuration.getMappedStatement(Configuration.java:853)
	at org.apache.ibatis.session.Configuration.getMappedStatement(Configuration.java:846)
	at org.apache.ibatis.session.defaults.DefaultSqlSession.selectList(DefaultSqlSession.java:150)
	... 34 more
</error>
    <system-out>2022-08-29 15:17:03,466[main]DEBUG[org.apache.ibatis.io.ResolverUtil]-Checking to see if class pojo.User matches criteria [is assignable to Object]
2022-08-29 15:17:03,466[main]DEBUG[org.apache.ibatis.io.ResolverUtil]-Checking to see if class pojo.Student matches criteria [is assignable to Object]
2022-08-29 15:17:03,466[main]DEBUG[org.apache.ibatis.io.ResolverUtil]-Checking to see if class pojo.Customer matches criteria [is assignable to Object]
2022-08-29 15:17:03,466[main]DEBUG[org.apache.ibatis.io.ResolverUtil]-Checking to see if class pojo.IdCard matches criteria [is assignable to Object]
2022-08-29 15:17:03,466[main]DEBUG[org.apache.ibatis.io.ResolverUtil]-Checking to see if class pojo.Person matches criteria [is assignable to Object]
2022-08-29 15:17:03,466[main]DEBUG[org.apache.ibatis.io.ResolverUtil]-Checking to see if class pojo.Orders matches criteria [is assignable to Object]
2022-08-29 15:17:03,466[main]DEBUG[org.apache.ibatis.io.ResolverUtil]-Checking to see if class pojo.Product matches criteria [is assignable to Object]
2022-08-29 15:17:03,466[main]DEBUG[org.apache.ibatis.io.ResolverUtil]-Checking to see if class pojo.Users matches criteria [is assignable to Object]
2022-08-29 15:17:03,466[main]DEBUG[org.apache.ibatis.io.ResolverUtil]-Checking to see if class pojo.Book matches criteria [is assignable to Object]
2022-08-29 15:17:03,466[main]DEBUG[org.apache.ibatis.io.ResolverUtil]-Checking to see if class pojo.Worker matches criteria [is assignable to Object]
2022-08-29 15:17:03,467[main]DEBUG[org.apache.ibatis.datasource.pooled.PooledDataSource]-PooledDataSource forcefully closed/removed all connections.
2022-08-29 15:17:03,467[main]DEBUG[org.apache.ibatis.datasource.pooled.PooledDataSource]-PooledDataSource forcefully closed/removed all connections.
2022-08-29 15:17:03,467[main]DEBUG[org.apache.ibatis.datasource.pooled.PooledDataSource]-PooledDataSource forcefully closed/removed all connections.
2022-08-29 15:17:03,467[main]DEBUG[org.apache.ibatis.datasource.pooled.PooledDataSource]-PooledDataSource forcefully closed/removed all connections.
2022-08-29 15:17:03,478[main]DEBUG[org.apache.ibatis.io.ResolverUtil]-Checking to see if class mapper.UserMapperTest matches criteria [is assignable to Object]
2022-08-29 15:17:03,478[main]DEBUG[org.apache.ibatis.io.ResolverUtil]-Checking to see if class mapper.UserMapper matches criteria [is assignable to Object]
</system-out>
  </testcase>
  <testcase classname="Test.MyBatisTest" name="findByMapTest" time="0.021"/>
</testsuite>